<?xml version="1.0" encoding="UTF-8"?>
<coverage generated="1744377409808" clover="3.2.0">
  <project timestamp="1744377409808" name="All files">
    <metrics statements="262" coveredstatements="71" conditionals="126" coveredconditionals="23" methods="63" coveredmethods="16" elements="451" coveredelements="110" complexity="0" loc="262" ncloc="262" packages="1" files="1" classes="1"/>
    <file name="FileHelpers.ts" path="/Users/artemdvoryadkin/Projects/obsidian-sharpener/src/Helpers/FileHelpers.ts">
      <metrics statements="262" coveredstatements="71" conditionals="126" coveredconditionals="23" methods="63" coveredmethods="16"/>
      <line num="1" count="1" type="stmt"/>
      <line num="3" count="1" type="stmt"/>
      <line num="4" count="1" type="stmt"/>
      <line num="13" count="1" type="stmt"/>
      <line num="15" count="294" type="stmt"/>
      <line num="16" count="294" type="stmt"/>
      <line num="17" count="294" type="stmt"/>
      <line num="18" count="294" type="stmt"/>
      <line num="19" count="294" type="stmt"/>
      <line num="20" count="294" type="stmt"/>
      <line num="21" count="294" type="stmt"/>
      <line num="22" count="294" type="stmt"/>
      <line num="23" count="294" type="stmt"/>
      <line num="24" count="294" type="stmt"/>
      <line num="41" count="0" type="stmt"/>
      <line num="46" count="0" type="stmt"/>
      <line num="47" count="0" type="stmt"/>
      <line num="49" count="0" type="stmt"/>
      <line num="50" count="0" type="stmt"/>
      <line num="51" count="0" type="stmt"/>
      <line num="52" count="0" type="stmt"/>
      <line num="55" count="0" type="stmt"/>
      <line num="59" count="1" type="stmt"/>
      <line num="63" count="2" type="stmt"/>
      <line num="67" count="2" type="stmt"/>
      <line num="70" count="0" type="stmt"/>
      <line num="71" count="0" type="stmt"/>
      <line num="75" count="0" type="stmt"/>
      <line num="78" count="0" type="stmt"/>
      <line num="79" count="0" type="stmt"/>
      <line num="80" count="0" type="cond" truecount="0" falsecount="4"/>
      <line num="83" count="0" type="stmt"/>
      <line num="84" count="0" type="cond" truecount="0" falsecount="4"/>
      <line num="88" count="0" type="stmt"/>
      <line num="89" count="0" type="cond" truecount="0" falsecount="1"/>
      <line num="90" count="0" type="stmt"/>
      <line num="92" count="0" type="stmt"/>
      <line num="96" count="0" type="stmt"/>
      <line num="97" count="0" type="stmt"/>
      <line num="98" count="0" type="stmt"/>
      <line num="99" count="0" type="cond" truecount="0" falsecount="1"/>
      <line num="100" count="0" type="stmt"/>
      <line num="102" count="0" type="stmt"/>
      <line num="105" count="0" type="stmt"/>
      <line num="109" count="0" type="stmt"/>
      <line num="110" count="0" type="stmt"/>
      <line num="111" count="0" type="cond" truecount="0" falsecount="1"/>
      <line num="112" count="0" type="stmt"/>
      <line num="114" count="0" type="stmt"/>
      <line num="118" count="0" type="stmt"/>
      <line num="119" count="0" type="stmt"/>
      <line num="120" count="0" type="stmt"/>
      <line num="121" count="0" type="stmt"/>
      <line num="122" count="0" type="stmt"/>
      <line num="123" count="0" type="stmt"/>
      <line num="124" count="0" type="cond" truecount="0" falsecount="2"/>
      <line num="128" count="0" type="stmt"/>
      <line num="129" count="0" type="stmt"/>
      <line num="130" count="0" type="stmt"/>
      <line num="131" count="0" type="stmt"/>
      <line num="132" count="0" type="cond" truecount="0" falsecount="1"/>
      <line num="133" count="0" type="stmt"/>
      <line num="136" count="0" type="stmt"/>
      <line num="139" count="0" type="stmt"/>
      <line num="140" count="0" type="stmt"/>
      <line num="141" count="0" type="stmt"/>
      <line num="142" count="0" type="stmt"/>
      <line num="143" count="0" type="cond" truecount="0" falsecount="2"/>
      <line num="146" count="0" type="stmt"/>
      <line num="152" count="0" type="stmt"/>
      <line num="154" count="0" type="stmt"/>
      <line num="155" count="0" type="cond" truecount="0" falsecount="1"/>
      <line num="156" count="0" type="stmt"/>
      <line num="160" count="0" type="cond" truecount="0" falsecount="2"/>
      <line num="161" count="0" type="stmt"/>
      <line num="164" count="0" type="stmt"/>
      <line num="165" count="0" type="cond" truecount="0" falsecount="1"/>
      <line num="166" count="0" type="stmt"/>
      <line num="168" count="0" type="stmt"/>
      <line num="169" count="0" type="stmt"/>
      <line num="170" count="0" type="cond" truecount="0" falsecount="1"/>
      <line num="171" count="0" type="stmt"/>
      <line num="173" count="0" type="stmt"/>
      <line num="177" count="0" type="cond" truecount="0" falsecount="6"/>
      <line num="181" count="0" type="stmt"/>
      <line num="182" count="0" type="stmt"/>
      <line num="184" count="0" type="cond" truecount="0" falsecount="3"/>
      <line num="185" count="0" type="stmt"/>
      <line num="188" count="0" type="stmt"/>
      <line num="189" count="0" type="stmt"/>
      <line num="190" count="0" type="stmt"/>
      <line num="194" count="0" type="stmt"/>
      <line num="196" count="0" type="stmt"/>
      <line num="197" count="0" type="stmt"/>
      <line num="199" count="0" type="stmt"/>
      <line num="200" count="0" type="cond" truecount="0" falsecount="1"/>
      <line num="201" count="0" type="stmt"/>
      <line num="204" count="0" type="stmt"/>
      <line num="205" count="0" type="stmt"/>
      <line num="210" count="0" type="stmt"/>
      <line num="212" count="0" type="stmt"/>
      <line num="213" count="0" type="cond" truecount="0" falsecount="6"/>
      <line num="214" count="0" type="stmt"/>
      <line num="215" count="0" type="stmt"/>
      <line num="217" count="0" type="stmt"/>
      <line num="218" count="0" type="cond" truecount="0" falsecount="6"/>
      <line num="220" count="0" type="cond" truecount="0" falsecount="1"/>
      <line num="222" count="0" type="stmt"/>
      <line num="223" count="0" type="stmt"/>
      <line num="224" count="0" type="cond" truecount="0" falsecount="6"/>
      <line num="226" count="0" type="stmt"/>
      <line num="227" count="0" type="stmt"/>
      <line num="228" count="0" type="cond" truecount="0" falsecount="2"/>
      <line num="229" count="0" type="cond" truecount="0" falsecount="4"/>
      <line num="231" count="0" type="stmt"/>
      <line num="234" count="0" type="stmt"/>
      <line num="235" count="0" type="stmt"/>
      <line num="237" count="0" type="stmt"/>
      <line num="239" count="0" type="stmt"/>
      <line num="243" count="0" type="stmt"/>
      <line num="244" count="0" type="stmt"/>
      <line num="246" count="0" type="stmt"/>
      <line num="250" count="0" type="stmt"/>
      <line num="251" count="0" type="stmt"/>
      <line num="252" count="0" type="stmt"/>
      <line num="255" count="0" type="cond" truecount="0" falsecount="4"/>
      <line num="256" count="0" type="cond" truecount="0" falsecount="2"/>
      <line num="257" count="0" type="cond" truecount="0" falsecount="2"/>
      <line num="261" count="0" type="stmt"/>
      <line num="263" count="0" type="stmt"/>
      <line num="265" count="0" type="stmt"/>
      <line num="266" count="0" type="stmt"/>
      <line num="268" count="0" type="cond" truecount="0" falsecount="1"/>
      <line num="269" count="0" type="stmt"/>
      <line num="270" count="0" type="stmt"/>
      <line num="273" count="0" type="stmt"/>
      <line num="274" count="0" type="stmt"/>
      <line num="277" count="0" type="stmt"/>
      <line num="278" count="0" type="stmt"/>
      <line num="279" count="0" type="cond" truecount="0" falsecount="2"/>
      <line num="280" count="0" type="stmt"/>
      <line num="282" count="0" type="stmt"/>
      <line num="287" count="0" type="stmt"/>
      <line num="289" count="0" type="stmt"/>
      <line num="290" count="0" type="stmt"/>
      <line num="292" count="0" type="cond" truecount="0" falsecount="1"/>
      <line num="293" count="0" type="cond" truecount="0" falsecount="4"/>
      <line num="294" count="0" type="cond" truecount="0" falsecount="2"/>
      <line num="295" count="0" type="cond" truecount="0" falsecount="1"/>
      <line num="296" count="0" type="stmt"/>
      <line num="299" count="0" type="stmt"/>
      <line num="300" count="0" type="stmt"/>
      <line num="303" count="0" type="stmt"/>
      <line num="305" count="0" type="cond" truecount="0" falsecount="1"/>
      <line num="306" count="0" type="stmt"/>
      <line num="307" count="0" type="stmt"/>
      <line num="309" count="0" type="stmt"/>
      <line num="311" count="0" type="stmt"/>
      <line num="312" count="0" type="cond" truecount="0" falsecount="6"/>
      <line num="313" count="0" type="stmt"/>
      <line num="314" count="0" type="cond" truecount="0" falsecount="1"/>
      <line num="315" count="0" type="stmt"/>
      <line num="319" count="0" type="stmt"/>
      <line num="324" count="0" type="stmt"/>
      <line num="325" count="0" type="stmt"/>
      <line num="326" count="0" type="stmt"/>
      <line num="327" count="0" type="cond" truecount="0" falsecount="1"/>
      <line num="328" count="0" type="stmt"/>
      <line num="331" count="0" type="cond" truecount="0" falsecount="2"/>
      <line num="332" count="0" type="stmt"/>
      <line num="333" count="0" type="stmt"/>
      <line num="334" count="0" type="stmt"/>
      <line num="335" count="0" type="stmt"/>
      <line num="336" count="0" type="stmt"/>
      <line num="337" count="0" type="stmt"/>
      <line num="339" count="0" type="cond" truecount="0" falsecount="2"/>
      <line num="340" count="0" type="stmt"/>
      <line num="342" count="0" type="cond" truecount="0" falsecount="1"/>
      <line num="343" count="0" type="stmt"/>
      <line num="344" count="0" type="cond" truecount="0" falsecount="2"/>
      <line num="346" count="0" type="stmt"/>
      <line num="347" count="0" type="stmt"/>
      <line num="348" count="0" type="stmt"/>
      <line num="352" count="0" type="stmt"/>
      <line num="353" count="0" type="stmt"/>
      <line num="354" count="0" type="cond" truecount="0" falsecount="1"/>
      <line num="355" count="0" type="stmt"/>
      <line num="357" count="0" type="stmt"/>
      <line num="361" count="0" type="stmt"/>
      <line num="362" count="0" type="stmt"/>
      <line num="363" count="0" type="stmt"/>
      <line num="367" count="0" type="cond" truecount="0" falsecount="1"/>
      <line num="368" count="0" type="stmt"/>
      <line num="369" count="0" type="stmt"/>
      <line num="372" count="0" type="stmt"/>
      <line num="373" count="0" type="stmt"/>
      <line num="376" count="0" type="stmt"/>
      <line num="377" count="0" type="stmt"/>
      <line num="378" count="0" type="stmt"/>
      <line num="384" count="0" type="stmt"/>
      <line num="388" count="3" type="stmt"/>
      <line num="389" count="3" type="cond" truecount="0" falsecount="1"/>
      <line num="391" count="3" type="cond" truecount="4" falsecount="2"/>
      <line num="392" count="3" type="stmt"/>
      <line num="394" count="3" type="stmt"/>
      <line num="395" count="294" type="stmt"/>
      <line num="396" count="294" type="stmt"/>
      <line num="397" count="294" type="stmt"/>
      <line num="398" count="294" type="stmt"/>
      <line num="399" count="294" type="stmt"/>
      <line num="400" count="294" type="stmt"/>
      <line num="401" count="294" type="stmt"/>
      <line num="403" count="294" type="stmt"/>
      <line num="404" count="294" type="stmt"/>
      <line num="407" count="3" type="stmt"/>
      <line num="408" count="294" type="stmt"/>
      <line num="409" count="294" type="stmt"/>
      <line num="410" count="294" type="stmt"/>
      <line num="414" count="294" type="cond" truecount="2" falsecount="0"/>
      <line num="415" count="291" type="stmt"/>
      <line num="417" count="3" type="stmt"/>
      <line num="418" count="3" type="stmt"/>
      <line num="420" count="294" type="stmt"/>
      <line num="423" count="3" type="stmt"/>
      <line num="427" count="3" type="stmt"/>
      <line num="428" count="3" type="stmt"/>
      <line num="429" count="3" type="stmt"/>
      <line num="431" count="0" type="stmt"/>
      <line num="433" count="3" type="cond" truecount="1" falsecount="0"/>
      <line num="434" count="2" type="stmt"/>
      <line num="436" count="3" type="stmt"/>
      <line num="441" count="0" type="stmt"/>
      <line num="443" count="0" type="stmt"/>
      <line num="447" count="0" type="stmt"/>
      <line num="448" count="0" type="stmt"/>
      <line num="453" count="294" type="cond" truecount="0" falsecount="1"/>
      <line num="455" count="294" type="cond" truecount="4" falsecount="2"/>
      <line num="457" count="294" type="stmt"/>
      <line num="459" count="294" type="stmt"/>
      <line num="460" count="135240" type="cond" truecount="6" falsecount="2"/>
      <line num="462" count="294" type="stmt"/>
      <line num="467" count="294" type="cond" truecount="1" falsecount="1"/>
      <line num="469" count="294" type="stmt"/>
      <line num="470" count="294" type="stmt"/>
      <line num="471" count="14844" type="cond" truecount="1" falsecount="0"/>
      <line num="472" count="291" type="stmt"/>
      <line num="475" count="14553" type="cond" truecount="1" falsecount="0"/>
      <line num="476" count="294" type="stmt"/>
      <line num="480" count="294" type="cond" truecount="2" falsecount="0"/>
      <line num="484" count="3" type="stmt"/>
      <line num="486" count="3" type="stmt"/>
      <line num="487" count="3" type="stmt"/>
      <line num="489" count="0" type="stmt"/>
      <line num="492" count="3" type="stmt"/>
      <line num="496" count="294" type="stmt"/>
      <line num="497" count="294" type="stmt"/>
      <line num="502" count="0" type="stmt"/>
      <line num="507" count="0" type="stmt"/>
      <line num="512" count="294" type="stmt"/>
      <line num="513" count="5397" type="cond" truecount="1" falsecount="0"/>
      <line num="514" count="207" type="stmt"/>
      <line num="517" count="87" type="stmt"/>
    </file>
  </project>
</coverage>
