{"/Users/artemdvoryadkin/Projects/obsidian-sharpener/src/Helpers/FileHelpers.ts": {"path":"/Users/artemdvoryadkin/Projects/obsidian-sharpener/src/Helpers/FileHelpers.ts","statementMap":{"0":{"start":{"line":1,"column":0},"end":{"line":1,"column":101}},"1":{"start":{"line":3,"column":0},"end":{"line":3,"column":29}},"2":{"start":{"line":4,"column":0},"end":{"line":4,"column":25}},"3":{"start":{"line":15,"column":2},"end":{"line":15,"column":33}},"4":{"start":{"line":16,"column":2},"end":{"line":16,"column":29}},"5":{"start":{"line":17,"column":2},"end":{"line":17,"column":null}},"6":{"start":{"line":18,"column":2},"end":{"line":18,"column":null}},"7":{"start":{"line":19,"column":2},"end":{"line":19,"column":null}},"8":{"start":{"line":20,"column":2},"end":{"line":20,"column":null}},"9":{"start":{"line":21,"column":2},"end":{"line":21,"column":null}},"10":{"start":{"line":22,"column":2},"end":{"line":22,"column":null}},"11":{"start":{"line":23,"column":2},"end":{"line":23,"column":null}},"12":{"start":{"line":24,"column":2},"end":{"line":24,"column":null}},"13":{"start":{"line":41,"column":2},"end":{"line":41,"column":28}},"14":{"start":{"line":46,"column":34},"end":{"line":46,"column":36}},"15":{"start":{"line":47,"column":47},"end":{"line":47,"column":84}},"16":{"start":{"line":49,"column":2},"end":{"line":53,"column":null}},"17":{"start":{"line":50,"column":3},"end":{"line":50,"column":null}},"18":{"start":{"line":51,"column":3},"end":{"line":51,"column":29}},"19":{"start":{"line":52,"column":3},"end":{"line":52,"column":68}},"20":{"start":{"line":55,"column":2},"end":{"line":55,"column":24}},"21":{"start":{"line":13,"column":0},"end":{"line":13,"column":13}},"22":{"start":{"line":63,"column":2},"end":{"line":63,"column":17}},"23":{"start":{"line":67,"column":2},"end":{"line":67,"column":44}},"24":{"start":{"line":70,"column":2},"end":{"line":70,"column":51}},"25":{"start":{"line":71,"column":2},"end":{"line":71,"column":62}},"26":{"start":{"line":75,"column":2},"end":{"line":75,"column":35}},"27":{"start":{"line":78,"column":21},"end":{"line":78,"column":42}},"28":{"start":{"line":79,"column":2},"end":{"line":79,"column":42}},"29":{"start":{"line":80,"column":2},"end":{"line":80,"column":41}},"30":{"start":{"line":83,"column":21},"end":{"line":83,"column":42}},"31":{"start":{"line":84,"column":2},"end":{"line":84,"column":40}},"32":{"start":{"line":88,"column":21},"end":{"line":88,"column":42}},"33":{"start":{"line":89,"column":2},"end":{"line":91,"column":null}},"34":{"start":{"line":90,"column":3},"end":{"line":90,"column":13}},"35":{"start":{"line":92,"column":2},"end":{"line":92,"column":62}},"36":{"start":{"line":96,"column":16},"end":{"line":96,"column":49}},"37":{"start":{"line":97,"column":31},"end":{"line":103,"column":4}},"38":{"start":{"line":98,"column":23},"end":{"line":98,"column":48}},"39":{"start":{"line":99,"column":3},"end":{"line":101,"column":null}},"40":{"start":{"line":100,"column":4},"end":{"line":100,"column":50}},"41":{"start":{"line":102,"column":3},"end":{"line":102,"column":16}},"42":{"start":{"line":105,"column":2},"end":{"line":105,"column":30}},"43":{"start":{"line":109,"column":18},"end":{"line":109,"column":40}},"44":{"start":{"line":110,"column":25},"end":{"line":110,"column":27}},"45":{"start":{"line":111,"column":2},"end":{"line":113,"column":null}},"46":{"start":{"line":112,"column":3},"end":{"line":112,"column":44}},"47":{"start":{"line":114,"column":2},"end":{"line":114,"column":26}},"48":{"start":{"line":118,"column":22},"end":{"line":118,"column":32}},"49":{"start":{"line":119,"column":17},"end":{"line":126,"column":3}},"50":{"start":{"line":120,"column":18},"end":{"line":120,"column":48}},"51":{"start":{"line":121,"column":3},"end":{"line":125,"column":6}},"52":{"start":{"line":122,"column":22},"end":{"line":122,"column":54}},"53":{"start":{"line":123,"column":20},"end":{"line":123,"column":80}},"54":{"start":{"line":123,"column":39},"end":{"line":123,"column":70}},"55":{"start":{"line":124,"column":4},"end":{"line":124,"column":109}},"56":{"start":{"line":128,"column":28},"end":{"line":137,"column":4}},"57":{"start":{"line":128,"column":67},"end":{"line":137,"column":4}},"58":{"start":{"line":129,"column":17},"end":{"line":129,"column":42}},"59":{"start":{"line":130,"column":3},"end":{"line":135,"column":null}},"60":{"start":{"line":131,"column":24},"end":{"line":131,"column":49}},"61":{"start":{"line":132,"column":4},"end":{"line":134,"column":null}},"62":{"start":{"line":133,"column":5},"end":{"line":133,"column":17}},"63":{"start":{"line":136,"column":3},"end":{"line":136,"column":16}},"64":{"start":{"line":139,"column":21},"end":{"line":144,"column":4}},"65":{"start":{"line":139,"column":49},"end":{"line":144,"column":4}},"66":{"start":{"line":140,"column":14},"end":{"line":140,"column":53}},"67":{"start":{"line":141,"column":20},"end":{"line":141,"column":47}},"68":{"start":{"line":142,"column":3},"end":{"line":142,"column":47}},"69":{"start":{"line":143,"column":3},"end":{"line":143,"column":45}},"70":{"start":{"line":146,"column":2},"end":{"line":146,"column":28}},"71":{"start":{"line":152,"column":17},"end":{"line":152,"column":38}},"72":{"start":{"line":154,"column":17},"end":{"line":154,"column":36}},"73":{"start":{"line":155,"column":2},"end":{"line":157,"column":null}},"74":{"start":{"line":156,"column":3},"end":{"line":156,"column":27}},"75":{"start":{"line":160,"column":2},"end":{"line":162,"column":null}},"76":{"start":{"line":161,"column":3},"end":{"line":161,"column":30}},"77":{"start":{"line":164,"column":24},"end":{"line":164,"column":46}},"78":{"start":{"line":165,"column":2},"end":{"line":167,"column":null}},"79":{"start":{"line":166,"column":3},"end":{"line":166,"column":41}},"80":{"start":{"line":168,"column":16},"end":{"line":168,"column":37}},"81":{"start":{"line":169,"column":16},"end":{"line":169,"column":34}},"82":{"start":{"line":170,"column":2},"end":{"line":172,"column":null}},"83":{"start":{"line":171,"column":3},"end":{"line":171,"column":26}},"84":{"start":{"line":173,"column":2},"end":{"line":173,"column":22}},"85":{"start":{"line":177,"column":2},"end":{"line":177,"column":70}},"86":{"start":{"line":181,"column":24},"end":{"line":181,"column":46}},"87":{"start":{"line":182,"column":20},"end":{"line":182,"column":52}},"88":{"start":{"line":184,"column":2},"end":{"line":186,"column":null}},"89":{"start":{"line":185,"column":3},"end":{"line":185,"column":13}},"90":{"start":{"line":188,"column":25},"end":{"line":188,"column":72}},"91":{"start":{"line":188,"column":53},"end":{"line":188,"column":71}},"92":{"start":{"line":189,"column":2},"end":{"line":189,"column":48}},"93":{"start":{"line":190,"column":2},"end":{"line":190,"column":24}},"94":{"start":{"line":194,"column":24},"end":{"line":194,"column":46}},"95":{"start":{"line":196,"column":2},"end":{"line":196,"column":62}},"96":{"start":{"line":197,"column":20},"end":{"line":197,"column":60}},"97":{"start":{"line":199,"column":2},"end":{"line":199,"column":45}},"98":{"start":{"line":200,"column":2},"end":{"line":202,"column":null}},"99":{"start":{"line":201,"column":3},"end":{"line":201,"column":13}},"100":{"start":{"line":204,"column":25},"end":{"line":204,"column":74}},"101":{"start":{"line":204,"column":60},"end":{"line":204,"column":73}},"102":{"start":{"line":205,"column":2},"end":{"line":205,"column":24}},"103":{"start":{"line":210,"column":16},"end":{"line":210,"column":67}},"104":{"start":{"line":212,"column":16},"end":{"line":212,"column":57}},"105":{"start":{"line":213,"column":19},"end":{"line":213,"column":40}},"106":{"start":{"line":214,"column":2},"end":{"line":214,"column":36}},"107":{"start":{"line":215,"column":27},"end":{"line":215,"column":71}},"108":{"start":{"line":217,"column":2},"end":{"line":217,"column":30}},"109":{"start":{"line":218,"column":22},"end":{"line":218,"column":145}},"110":{"start":{"line":218,"column":89},"end":{"line":218,"column":125}},"111":{"start":{"line":218,"column":126},"end":{"line":218,"column":138}},"112":{"start":{"line":220,"column":2},"end":{"line":238,"column":null}},"113":{"start":{"line":220,"column":31},"end":{"line":220,"column":67}},"114":{"start":{"line":222,"column":23},"end":{"line":222,"column":90}},"115":{"start":{"line":222,"column":53},"end":{"line":222,"column":89}},"116":{"start":{"line":223,"column":25},"end":{"line":223,"column":46}},"117":{"start":{"line":224,"column":21},"end":{"line":224,"column":61}},"118":{"start":{"line":226,"column":22},"end":{"line":226,"column":47}},"119":{"start":{"line":227,"column":17},"end":{"line":227,"column":19}},"120":{"start":{"line":228,"column":3},"end":{"line":232,"column":null}},"121":{"start":{"line":229,"column":4},"end":{"line":229,"column":50}},"122":{"start":{"line":231,"column":4},"end":{"line":231,"column":null}},"123":{"start":{"line":234,"column":18},"end":{"line":234,"column":52}},"124":{"start":{"line":235,"column":3},"end":{"line":235,"column":94}},"125":{"start":{"line":237,"column":3},"end":{"line":237,"column":17}},"126":{"start":{"line":239,"column":2},"end":{"line":239,"column":14}},"127":{"start":{"line":243,"column":14},"end":{"line":243,"column":59}},"128":{"start":{"line":244,"column":2},"end":{"line":244,"column":64}},"129":{"start":{"line":246,"column":2},"end":{"line":246,"column":54}},"130":{"start":{"line":250,"column":14},"end":{"line":250,"column":59}},"131":{"start":{"line":251,"column":2},"end":{"line":251,"column":90}},"132":{"start":{"line":252,"column":2},"end":{"line":252,"column":54}},"133":{"start":{"line":255,"column":19},"end":{"line":255,"column":70}},"134":{"start":{"line":256,"column":18},"end":{"line":256,"column":65}},"135":{"start":{"line":257,"column":2},"end":{"line":257,"column":52}},"136":{"start":{"line":261,"column":2},"end":{"line":261,"column":34}},"137":{"start":{"line":263,"column":21},"end":{"line":263,"column":45}},"138":{"start":{"line":265,"column":28},"end":{"line":265,"column":79}},"139":{"start":{"line":266,"column":2},"end":{"line":266,"column":54}},"140":{"start":{"line":268,"column":2},"end":{"line":271,"column":null}},"141":{"start":{"line":269,"column":3},"end":{"line":269,"column":120}},"142":{"start":{"line":270,"column":3},"end":{"line":270,"column":10}},"143":{"start":{"line":273,"column":16},"end":{"line":273,"column":39}},"144":{"start":{"line":274,"column":14},"end":{"line":274,"column":35}},"145":{"start":{"line":277,"column":2},"end":{"line":277,"column":34}},"146":{"start":{"line":278,"column":24},"end":{"line":278,"column":48}},"147":{"start":{"line":279,"column":2},"end":{"line":283,"column":null}},"148":{"start":{"line":280,"column":3},"end":{"line":280,"column":63}},"149":{"start":{"line":282,"column":3},"end":{"line":282,"column":65}},"150":{"start":{"line":287,"column":2},"end":{"line":287,"column":34}},"151":{"start":{"line":289,"column":28},"end":{"line":289,"column":82}},"152":{"start":{"line":290,"column":2},"end":{"line":290,"column":54}},"153":{"start":{"line":292,"column":2},"end":{"line":302,"column":null}},"154":{"start":{"line":293,"column":20},"end":{"line":293,"column":71}},"155":{"start":{"line":294,"column":19},"end":{"line":294,"column":98}},"156":{"start":{"line":294,"column":66},"end":{"line":294,"column":91}},"157":{"start":{"line":295,"column":3},"end":{"line":297,"column":null}},"158":{"start":{"line":296,"column":4},"end":{"line":296,"column":62}},"159":{"start":{"line":299,"column":3},"end":{"line":299,"column":75}},"160":{"start":{"line":300,"column":3},"end":{"line":300,"column":10}},"161":{"start":{"line":303,"column":2},"end":{"line":303,"column":104}},"162":{"start":{"line":305,"column":2},"end":{"line":320,"column":null}},"163":{"start":{"line":306,"column":17},"end":{"line":306,"column":40}},"164":{"start":{"line":307,"column":15},"end":{"line":307,"column":36}},"165":{"start":{"line":309,"column":3},"end":{"line":309,"column":63}},"166":{"start":{"line":311,"column":25},"end":{"line":311,"column":47}},"167":{"start":{"line":312,"column":20},"end":{"line":312,"column":68}},"168":{"start":{"line":313,"column":3},"end":{"line":317,"column":6}},"169":{"start":{"line":314,"column":4},"end":{"line":316,"column":null}},"170":{"start":{"line":315,"column":5},"end":{"line":315,"column":38}},"171":{"start":{"line":319,"column":3},"end":{"line":319,"column":45}},"172":{"start":{"line":324,"column":22},"end":{"line":324,"column":47}},"173":{"start":{"line":325,"column":29},"end":{"line":325,"column":61}},"174":{"start":{"line":326,"column":2},"end":{"line":326,"column":56}},"175":{"start":{"line":327,"column":2},"end":{"line":329,"column":null}},"176":{"start":{"line":328,"column":3},"end":{"line":328,"column":13}},"177":{"start":{"line":331,"column":25},"end":{"line":331,"column":102}},"178":{"start":{"line":332,"column":28},"end":{"line":332,"column":30}},"179":{"start":{"line":333,"column":2},"end":{"line":333,"column":48}},"180":{"start":{"line":334,"column":2},"end":{"line":360,"column":null}},"181":{"start":{"line":335,"column":25},"end":{"line":335,"column":59}},"182":{"start":{"line":336,"column":3},"end":{"line":336,"column":47}},"183":{"start":{"line":337,"column":23},"end":{"line":337,"column":56}},"184":{"start":{"line":339,"column":22},"end":{"line":339,"column":106}},"185":{"start":{"line":339,"column":47},"end":{"line":339,"column":105}},"186":{"start":{"line":340,"column":3},"end":{"line":340,"column":41}},"187":{"start":{"line":342,"column":3},"end":{"line":359,"column":null}},"188":{"start":{"line":343,"column":4},"end":{"line":343,"column":45}},"189":{"start":{"line":344,"column":4},"end":{"line":358,"column":null}},"190":{"start":{"line":346,"column":5},"end":{"line":346,"column":34}},"191":{"start":{"line":347,"column":5},"end":{"line":347,"column":35}},"192":{"start":{"line":348,"column":5},"end":{"line":348,"column":11}},"193":{"start":{"line":352,"column":25},"end":{"line":352,"column":99}},"194":{"start":{"line":353,"column":5},"end":{"line":353,"column":45}},"195":{"start":{"line":354,"column":5},"end":{"line":356,"column":null}},"196":{"start":{"line":355,"column":6},"end":{"line":355,"column":33}},"197":{"start":{"line":357,"column":5},"end":{"line":357,"column":35}},"198":{"start":{"line":361,"column":2},"end":{"line":361,"column":32}},"199":{"start":{"line":362,"column":2},"end":{"line":362,"column":42}},"200":{"start":{"line":363,"column":2},"end":{"line":363,"column":15}},"201":{"start":{"line":367,"column":2},"end":{"line":370,"column":null}},"202":{"start":{"line":368,"column":3},"end":{"line":368,"column":50}},"203":{"start":{"line":369,"column":3},"end":{"line":369,"column":10}},"204":{"start":{"line":372,"column":22},"end":{"line":372,"column":47}},"205":{"start":{"line":373,"column":2},"end":{"line":373,"column":24}},"206":{"start":{"line":376,"column":18},"end":{"line":376,"column":49}},"207":{"start":{"line":377,"column":25},"end":{"line":377,"column":69}},"208":{"start":{"line":378,"column":2},"end":{"line":378,"column":52}},"209":{"start":{"line":384,"column":2},"end":{"line":384,"column":17}},"210":{"start":{"line":388,"column":29},"end":{"line":388,"column":70}},"211":{"start":{"line":389,"column":2},"end":{"line":389,"column":null}},"212":{"start":{"line":389,"column":27},"end":{"line":389,"column":null}},"213":{"start":{"line":391,"column":19},"end":{"line":391,"column":53}},"214":{"start":{"line":392,"column":18},"end":{"line":392,"column":47}},"215":{"start":{"line":394,"column":22},"end":{"line":405,"column":4}},"216":{"start":{"line":395,"column":17},"end":{"line":395,"column":55}},"217":{"start":{"line":396,"column":3},"end":{"line":396,"column":31}},"218":{"start":{"line":397,"column":22},"end":{"line":397,"column":50}},"219":{"start":{"line":398,"column":3},"end":{"line":398,"column":28}},"220":{"start":{"line":399,"column":3},"end":{"line":399,"column":76}},"221":{"start":{"line":399,"column":52},"end":{"line":399,"column":74}},"222":{"start":{"line":400,"column":3},"end":{"line":400,"column":96}},"223":{"start":{"line":400,"column":62},"end":{"line":400,"column":94}},"224":{"start":{"line":401,"column":3},"end":{"line":401,"column":null}},"225":{"start":{"line":403,"column":3},"end":{"line":403,"column":59}},"226":{"start":{"line":404,"column":3},"end":{"line":404,"column":21}},"227":{"start":{"line":407,"column":2},"end":{"line":421,"column":5}},"228":{"start":{"line":408,"column":25},"end":{"line":408,"column":71}},"229":{"start":{"line":409,"column":3},"end":{"line":409,"column":44}},"230":{"start":{"line":410,"column":3},"end":{"line":410,"column":null}},"231":{"start":{"line":414,"column":3},"end":{"line":419,"column":null}},"232":{"start":{"line":415,"column":4},"end":{"line":415,"column":87}},"233":{"start":{"line":417,"column":4},"end":{"line":417,"column":null}},"234":{"start":{"line":418,"column":4},"end":{"line":418,"column":null}},"235":{"start":{"line":420,"column":3},"end":{"line":420,"column":null}},"236":{"start":{"line":423,"column":2},"end":{"line":423,"column":21}},"237":{"start":{"line":427,"column":16},"end":{"line":427,"column":18}},"238":{"start":{"line":428,"column":17},"end":{"line":432,"column":4}},"239":{"start":{"line":429,"column":3},"end":{"line":429,"column":null}},"240":{"start":{"line":431,"column":3},"end":{"line":431,"column":47}},"241":{"start":{"line":433,"column":2},"end":{"line":435,"column":null}},"242":{"start":{"line":434,"column":3},"end":{"line":434,"column":140}},"243":{"start":{"line":436,"column":2},"end":{"line":436,"column":null}},"244":{"start":{"line":441,"column":18},"end":{"line":441,"column":47}},"245":{"start":{"line":443,"column":2},"end":{"line":443,"column":null}},"246":{"start":{"line":447,"column":25},"end":{"line":447,"column":102}},"247":{"start":{"line":448,"column":2},"end":{"line":448,"column":null}},"248":{"start":{"line":453,"column":2},"end":{"line":453,"column":null}},"249":{"start":{"line":453,"column":27},"end":{"line":453,"column":null}},"250":{"start":{"line":455,"column":19},"end":{"line":455,"column":53}},"251":{"start":{"line":457,"column":22},"end":{"line":457,"column":73}},"252":{"start":{"line":459,"column":34},"end":{"line":460,"column":151}},"253":{"start":{"line":460,"column":3},"end":{"line":460,"column":150}},"254":{"start":{"line":462,"column":2},"end":{"line":462,"column":null}},"255":{"start":{"line":467,"column":19},"end":{"line":467,"column":52}},"256":{"start":{"line":469,"column":15},"end":{"line":469,"column":20}},"257":{"start":{"line":470,"column":24},"end":{"line":478,"column":4}},"258":{"start":{"line":471,"column":3},"end":{"line":473,"column":null}},"259":{"start":{"line":472,"column":4},"end":{"line":472,"column":null}},"260":{"start":{"line":475,"column":3},"end":{"line":477,"column":null}},"261":{"start":{"line":476,"column":4},"end":{"line":476,"column":null}},"262":{"start":{"line":480,"column":2},"end":{"line":480,"column":31}},"263":{"start":{"line":484,"column":17},"end":{"line":484,"column":19}},"264":{"start":{"line":486,"column":2},"end":{"line":490,"column":5}},"265":{"start":{"line":487,"column":3},"end":{"line":487,"column":49}},"266":{"start":{"line":489,"column":3},"end":{"line":489,"column":47}},"267":{"start":{"line":492,"column":2},"end":{"line":492,"column":null}},"268":{"start":{"line":496,"column":2},"end":{"line":496,"column":55}},"269":{"start":{"line":497,"column":2},"end":{"line":497,"column":12}},"270":{"start":{"line":502,"column":2},"end":{"line":502,"column":14}},"271":{"start":{"line":507,"column":2},"end":{"line":507,"column":14}},"272":{"start":{"line":512,"column":2},"end":{"line":516,"column":null}},"273":{"start":{"line":512,"column":15},"end":{"line":512,"column":47}},"274":{"start":{"line":513,"column":3},"end":{"line":515,"column":null}},"275":{"start":{"line":514,"column":4},"end":{"line":514,"column":26}},"276":{"start":{"line":517,"column":2},"end":{"line":517,"column":14}},"277":{"start":{"line":59,"column":0},"end":{"line":59,"column":13}}},"fnMap":{"0":{"name":"(anonymous_0)","decl":{"start":{"line":14,"column":1},"end":{"line":14,"column":13}},"loc":{"start":{"line":14,"column":34},"end":{"line":25,"column":2}}},"1":{"name":"(anonymous_1)","decl":{"start":{"line":40,"column":1},"end":{"line":40,"column":18}},"loc":{"start":{"line":40,"column":18},"end":{"line":42,"column":2}}},"2":{"name":"(anonymous_2)","decl":{"start":{"line":44,"column":1},"end":{"line":44,"column":15}},"loc":{"start":{"line":44,"column":15},"end":{"line":56,"column":2}}},"3":{"name":"(anonymous_3)","decl":{"start":{"line":62,"column":1},"end":{"line":62,"column":13}},"loc":{"start":{"line":62,"column":21},"end":{"line":64,"column":2}}},"4":{"name":"(anonymous_4)","decl":{"start":{"line":66,"column":1},"end":{"line":66,"column":15}},"loc":{"start":{"line":66,"column":15},"end":{"line":68,"column":2}}},"5":{"name":"(anonymous_5)","decl":{"start":{"line":69,"column":1},"end":{"line":69,"column":14}},"loc":{"start":{"line":69,"column":14},"end":{"line":72,"column":2}}},"6":{"name":"(anonymous_6)","decl":{"start":{"line":74,"column":1},"end":{"line":74,"column":12}},"loc":{"start":{"line":74,"column":24},"end":{"line":76,"column":2}}},"7":{"name":"(anonymous_7)","decl":{"start":{"line":77,"column":1},"end":{"line":77,"column":16}},"loc":{"start":{"line":77,"column":16},"end":{"line":81,"column":2}}},"8":{"name":"(anonymous_8)","decl":{"start":{"line":82,"column":1},"end":{"line":82,"column":15}},"loc":{"start":{"line":82,"column":15},"end":{"line":85,"column":2}}},"9":{"name":"(anonymous_9)","decl":{"start":{"line":87,"column":1},"end":{"line":87,"column":25}},"loc":{"start":{"line":87,"column":25},"end":{"line":93,"column":2}}},"10":{"name":"(anonymous_10)","decl":{"start":{"line":95,"column":1},"end":{"line":95,"column":42}},"loc":{"start":{"line":95,"column":75},"end":{"line":106,"column":2}}},"11":{"name":"(anonymous_11)","decl":{"start":{"line":97,"column":44},"end":{"line":97,"column":48}},"loc":{"start":{"line":97,"column":51},"end":{"line":103,"column":3}}},"12":{"name":"(anonymous_12)","decl":{"start":{"line":108,"column":1},"end":{"line":108,"column":22}},"loc":{"start":{"line":108,"column":22},"end":{"line":115,"column":2}}},"13":{"name":"(anonymous_13)","decl":{"start":{"line":117,"column":7},"end":{"line":117,"column":23}},"loc":{"start":{"line":117,"column":23},"end":{"line":147,"column":null}}},"14":{"name":"(anonymous_15)","decl":{"start":{"line":119,"column":17},"end":{"line":119,"column":18}},"loc":{"start":{"line":119,"column":34},"end":{"line":126,"column":3}}},"15":{"name":"(anonymous_16)","decl":{"start":{"line":121,"column":55},"end":{"line":121,"column":59}},"loc":{"start":{"line":121,"column":62},"end":{"line":125,"column":4}}},"16":{"name":"(anonymous_17)","decl":{"start":{"line":123,"column":34},"end":{"line":123,"column":35}},"loc":{"start":{"line":123,"column":39},"end":{"line":123,"column":70}}},"17":{"name":"(anonymous_18)","decl":{"start":{"line":128,"column":28},"end":{"line":128,"column":35}},"loc":{"start":{"line":128,"column":67},"end":{"line":137,"column":4}}},"18":{"name":"(anonymous_19)","decl":{"start":{"line":128,"column":67},"end":{"line":128,"column":null}},"loc":{"start":{"line":128,"column":67},"end":{"line":137,"column":3}}},"19":{"name":"(anonymous_20)","decl":{"start":{"line":139,"column":21},"end":{"line":139,"column":47}},"loc":{"start":{"line":139,"column":49},"end":{"line":144,"column":4}}},"20":{"name":"(anonymous_21)","decl":{"start":{"line":139,"column":49},"end":{"line":139,"column":null}},"loc":{"start":{"line":139,"column":49},"end":{"line":144,"column":3}}},"21":{"name":"(anonymous_22)","decl":{"start":{"line":150,"column":1},"end":{"line":150,"column":22}},"loc":{"start":{"line":150,"column":36},"end":{"line":174,"column":2}}},"22":{"name":"(anonymous_23)","decl":{"start":{"line":176,"column":1},"end":{"line":176,"column":15}},"loc":{"start":{"line":176,"column":27},"end":{"line":178,"column":2}}},"23":{"name":"(anonymous_24)","decl":{"start":{"line":180,"column":1},"end":{"line":180,"column":18}},"loc":{"start":{"line":180,"column":30},"end":{"line":191,"column":2}}},"24":{"name":"(anonymous_25)","decl":{"start":{"line":188,"column":45},"end":{"line":188,"column":49}},"loc":{"start":{"line":188,"column":53},"end":{"line":188,"column":71}}},"25":{"name":"(anonymous_26)","decl":{"start":{"line":193,"column":1},"end":{"line":193,"column":19}},"loc":{"start":{"line":193,"column":31},"end":{"line":206,"column":2}}},"26":{"name":"(anonymous_27)","decl":{"start":{"line":204,"column":52},"end":{"line":204,"column":56}},"loc":{"start":{"line":204,"column":60},"end":{"line":204,"column":73}}},"27":{"name":"(anonymous_28)","decl":{"start":{"line":208,"column":7},"end":{"line":208,"column":28}},"loc":{"start":{"line":208,"column":61},"end":{"line":240,"column":null}}},"28":{"name":"(anonymous_30)","decl":{"start":{"line":218,"column":76},"end":{"line":218,"column":83}},"loc":{"start":{"line":218,"column":86},"end":{"line":218,"column":139}}},"29":{"name":"(anonymous_31)","decl":{"start":{"line":220,"column":20},"end":{"line":220,"column":27}},"loc":{"start":{"line":220,"column":31},"end":{"line":220,"column":67}}},"30":{"name":"(anonymous_32)","decl":{"start":{"line":222,"column":42},"end":{"line":222,"column":49}},"loc":{"start":{"line":222,"column":53},"end":{"line":222,"column":89}}},"31":{"name":"(anonymous_33)","decl":{"start":{"line":242,"column":7},"end":{"line":242,"column":17}},"loc":{"start":{"line":242,"column":57},"end":{"line":247,"column":null}}},"32":{"name":"(anonymous_35)","decl":{"start":{"line":249,"column":7},"end":{"line":249,"column":24}},"loc":{"start":{"line":249,"column":86},"end":{"line":253,"column":null}}},"33":{"name":"(anonymous_37)","decl":{"start":{"line":254,"column":1},"end":{"line":254,"column":14}},"loc":{"start":{"line":254,"column":26},"end":{"line":258,"column":2}}},"34":{"name":"(anonymous_38)","decl":{"start":{"line":260,"column":7},"end":{"line":260,"column":29}},"loc":{"start":{"line":260,"column":79},"end":{"line":284,"column":null}}},"35":{"name":"(anonymous_40)","decl":{"start":{"line":286,"column":7},"end":{"line":286,"column":23}},"loc":{"start":{"line":286,"column":100},"end":{"line":321,"column":null}}},"36":{"name":"(anonymous_42)","decl":{"start":{"line":294,"column":55},"end":{"line":294,"column":62}},"loc":{"start":{"line":294,"column":66},"end":{"line":294,"column":91}}},"37":{"name":"(anonymous_43)","decl":{"start":{"line":313,"column":20},"end":{"line":313,"column":27}},"loc":{"start":{"line":313,"column":30},"end":{"line":317,"column":4}}},"38":{"name":"(anonymous_44)","decl":{"start":{"line":323,"column":7},"end":{"line":323,"column":25}},"loc":{"start":{"line":323,"column":65},"end":{"line":364,"column":null}}},"39":{"name":"(anonymous_46)","decl":{"start":{"line":339,"column":39},"end":{"line":339,"column":43}},"loc":{"start":{"line":339,"column":47},"end":{"line":339,"column":105}}},"40":{"name":"(anonymous_47)","decl":{"start":{"line":366,"column":7},"end":{"line":366,"column":25}},"loc":{"start":{"line":366,"column":75},"end":{"line":379,"column":null}}},"41":{"name":"(anonymous_49)","decl":{"start":{"line":381,"column":9},"end":{"line":381,"column":26}},"loc":{"start":{"line":381,"column":60},"end":{"line":385,"column":2}}},"42":{"name":"(anonymous_50)","decl":{"start":{"line":387,"column":1},"end":{"line":387,"column":15}},"loc":{"start":{"line":387,"column":27},"end":{"line":424,"column":2}}},"43":{"name":"(anonymous_51)","decl":{"start":{"line":394,"column":35},"end":{"line":394,"column":42}},"loc":{"start":{"line":394,"column":45},"end":{"line":405,"column":3}}},"44":{"name":"(anonymous_52)","decl":{"start":{"line":399,"column":44},"end":{"line":399,"column":48}},"loc":{"start":{"line":399,"column":52},"end":{"line":399,"column":74}}},"45":{"name":"(anonymous_53)","decl":{"start":{"line":400,"column":54},"end":{"line":400,"column":58}},"loc":{"start":{"line":400,"column":62},"end":{"line":400,"column":94}}},"46":{"name":"(anonymous_54)","decl":{"start":{"line":407,"column":22},"end":{"line":407,"column":23}},"loc":{"start":{"line":407,"column":44},"end":{"line":421,"column":3}}},"47":{"name":"(anonymous_55)","decl":{"start":{"line":426,"column":1},"end":{"line":426,"column":19}},"loc":{"start":{"line":426,"column":31},"end":{"line":437,"column":2}}},"48":{"name":"(anonymous_56)","decl":{"start":{"line":428,"column":54},"end":{"line":428,"column":65}},"loc":{"start":{"line":428,"column":68},"end":{"line":430,"column":3}}},"49":{"name":"(anonymous_57)","decl":{"start":{"line":430,"column":11},"end":{"line":430,"column":16}},"loc":{"start":{"line":430,"column":19},"end":{"line":432,"column":3}}},"50":{"name":"(anonymous_58)","decl":{"start":{"line":439,"column":1},"end":{"line":439,"column":20}},"loc":{"start":{"line":439,"column":55},"end":{"line":444,"column":2}}},"51":{"name":"(anonymous_59)","decl":{"start":{"line":446,"column":1},"end":{"line":446,"column":30}},"loc":{"start":{"line":446,"column":73},"end":{"line":449,"column":2}}},"52":{"name":"(anonymous_60)","decl":{"start":{"line":452,"column":9},"end":{"line":452,"column":35}},"loc":{"start":{"line":452,"column":99},"end":{"line":463,"column":2}}},"53":{"name":"(anonymous_61)","decl":{"start":{"line":459,"column":50},"end":{"line":459,"column":57}},"loc":{"start":{"line":460,"column":3},"end":{"line":460,"column":150}}},"54":{"name":"(anonymous_62)","decl":{"start":{"line":466,"column":9},"end":{"line":466,"column":23}},"loc":{"start":{"line":466,"column":87},"end":{"line":481,"column":2}}},"55":{"name":"(anonymous_63)","decl":{"start":{"line":470,"column":38},"end":{"line":470,"column":45}},"loc":{"start":{"line":470,"column":48},"end":{"line":478,"column":3}}},"56":{"name":"(anonymous_64)","decl":{"start":{"line":483,"column":9},"end":{"line":483,"column":26}},"loc":{"start":{"line":483,"column":38},"end":{"line":493,"column":2}}},"57":{"name":"(anonymous_65)","decl":{"start":{"line":486,"column":39},"end":{"line":486,"column":50}},"loc":{"start":{"line":486,"column":53},"end":{"line":488,"column":3}}},"58":{"name":"(anonymous_66)","decl":{"start":{"line":488,"column":11},"end":{"line":488,"column":16}},"loc":{"start":{"line":488,"column":19},"end":{"line":490,"column":3}}},"59":{"name":"(anonymous_67)","decl":{"start":{"line":494,"column":9},"end":{"line":494,"column":27}},"loc":{"start":{"line":494,"column":62},"end":{"line":498,"column":2}}},"60":{"name":"(anonymous_68)","decl":{"start":{"line":500,"column":9},"end":{"line":500,"column":20}},"loc":{"start":{"line":500,"column":33},"end":{"line":503,"column":2}}},"61":{"name":"(anonymous_69)","decl":{"start":{"line":505,"column":9},"end":{"line":505,"column":30}},"loc":{"start":{"line":505,"column":43},"end":{"line":508,"column":2}}},"62":{"name":"(anonymous_70)","decl":{"start":{"line":510,"column":9},"end":{"line":510,"column":25}},"loc":{"start":{"line":510,"column":82},"end":{"line":518,"column":2}}}},"branchMap":{"0":{"loc":{"start":{"line":80,"column":9},"end":{"line":80,"column":30}},"type":"cond-expr","locations":[{"start":{"line":80,"column":19},"end":{"line":80,"column":21}},{"start":{"line":80,"column":9},"end":{"line":80,"column":30}}]},"1":{"loc":{"start":{"line":80,"column":9},"end":{"line":80,"column":21}},"type":"binary-expr","locations":[{"start":{"line":80,"column":9},"end":{"line":80,"column":21}},{"start":{"line":80,"column":9},"end":{"line":80,"column":21}}]},"2":{"loc":{"start":{"line":84,"column":9},"end":{"line":84,"column":30}},"type":"cond-expr","locations":[{"start":{"line":84,"column":19},"end":{"line":84,"column":21}},{"start":{"line":84,"column":9},"end":{"line":84,"column":30}}]},"3":{"loc":{"start":{"line":84,"column":9},"end":{"line":84,"column":21}},"type":"binary-expr","locations":[{"start":{"line":84,"column":9},"end":{"line":84,"column":21}},{"start":{"line":84,"column":9},"end":{"line":84,"column":21}}]},"4":{"loc":{"start":{"line":89,"column":2},"end":{"line":91,"column":null}},"type":"if","locations":[{"start":{"line":89,"column":2},"end":{"line":91,"column":null}}]},"5":{"loc":{"start":{"line":99,"column":3},"end":{"line":101,"column":null}},"type":"if","locations":[{"start":{"line":99,"column":3},"end":{"line":101,"column":null}}]},"6":{"loc":{"start":{"line":111,"column":2},"end":{"line":113,"column":null}},"type":"if","locations":[{"start":{"line":111,"column":2},"end":{"line":113,"column":null}}]},"7":{"loc":{"start":{"line":124,"column":11},"end":{"line":124,"column":108}},"type":"cond-expr","locations":[{"start":{"line":124,"column":53},"end":{"line":124,"column":82}},{"start":{"line":124,"column":85},"end":{"line":124,"column":108}}]},"8":{"loc":{"start":{"line":132,"column":4},"end":{"line":134,"column":null}},"type":"if","locations":[{"start":{"line":132,"column":4},"end":{"line":134,"column":null}}]},"9":{"loc":{"start":{"line":143,"column":10},"end":{"line":143,"column":44}},"type":"cond-expr","locations":[{"start":{"line":143,"column":21},"end":{"line":143,"column":39}},{"start":{"line":143,"column":42},"end":{"line":143,"column":44}}]},"10":{"loc":{"start":{"line":155,"column":2},"end":{"line":157,"column":null}},"type":"if","locations":[{"start":{"line":155,"column":2},"end":{"line":157,"column":null}}]},"11":{"loc":{"start":{"line":160,"column":9},"end":{"line":160,"column":53}},"type":"binary-expr","locations":[{"start":{"line":160,"column":9},"end":{"line":160,"column":30}},{"start":{"line":160,"column":34},"end":{"line":160,"column":53}}]},"12":{"loc":{"start":{"line":165,"column":2},"end":{"line":167,"column":null}},"type":"if","locations":[{"start":{"line":165,"column":2},"end":{"line":167,"column":null}}]},"13":{"loc":{"start":{"line":170,"column":2},"end":{"line":172,"column":null}},"type":"if","locations":[{"start":{"line":170,"column":2},"end":{"line":172,"column":null}}]},"14":{"loc":{"start":{"line":177,"column":9},"end":{"line":177,"column":69}},"type":"binary-expr","locations":[{"start":{"line":177,"column":9},"end":{"line":177,"column":63}},{"start":{"line":177,"column":67},"end":{"line":177,"column":69}}]},"15":{"loc":{"start":{"line":177,"column":9},"end":{"line":177,"column":63}},"type":"cond-expr","locations":[{"start":{"line":177,"column":50},"end":{"line":177,"column":52}},{"start":{"line":177,"column":50},"end":{"line":177,"column":63}}]},"16":{"loc":{"start":{"line":177,"column":9},"end":{"line":177,"column":52}},"type":"binary-expr","locations":[{"start":{"line":177,"column":9},"end":{"line":177,"column":52}},{"start":{"line":177,"column":50},"end":{"line":177,"column":52}}]},"17":{"loc":{"start":{"line":184,"column":2},"end":{"line":186,"column":null}},"type":"if","locations":[{"start":{"line":184,"column":2},"end":{"line":186,"column":null}}]},"18":{"loc":{"start":{"line":184,"column":6},"end":{"line":184,"column":36}},"type":"binary-expr","locations":[{"start":{"line":184,"column":6},"end":{"line":184,"column":16}},{"start":{"line":184,"column":20},"end":{"line":184,"column":36}}]},"19":{"loc":{"start":{"line":200,"column":2},"end":{"line":202,"column":null}},"type":"if","locations":[{"start":{"line":200,"column":2},"end":{"line":202,"column":null}}]},"20":{"loc":{"start":{"line":213,"column":19},"end":{"line":213,"column":40}},"type":"binary-expr","locations":[{"start":{"line":213,"column":19},"end":{"line":213,"column":34}},{"start":{"line":213,"column":38},"end":{"line":213,"column":40}}]},"21":{"loc":{"start":{"line":213,"column":19},"end":{"line":213,"column":34}},"type":"cond-expr","locations":[{"start":{"line":213,"column":24},"end":{"line":213,"column":26}},{"start":{"line":213,"column":19},"end":{"line":213,"column":34}}]},"22":{"loc":{"start":{"line":213,"column":19},"end":{"line":213,"column":26}},"type":"binary-expr","locations":[{"start":{"line":213,"column":19},"end":{"line":213,"column":26}},{"start":{"line":213,"column":19},"end":{"line":213,"column":26}}]},"23":{"loc":{"start":{"line":218,"column":22},"end":{"line":218,"column":145}},"type":"cond-expr","locations":[{"start":{"line":218,"column":40},"end":{"line":218,"column":140}},{"start":{"line":218,"column":143},"end":{"line":218,"column":145}}]},"24":{"loc":{"start":{"line":218,"column":22},"end":{"line":218,"column":37}},"type":"cond-expr","locations":[{"start":{"line":218,"column":27},"end":{"line":218,"column":29}},{"start":{"line":218,"column":22},"end":{"line":218,"column":37}}]},"25":{"loc":{"start":{"line":218,"column":22},"end":{"line":218,"column":29}},"type":"binary-expr","locations":[{"start":{"line":218,"column":22},"end":{"line":218,"column":29}},{"start":{"line":218,"column":22},"end":{"line":218,"column":29}}]},"26":{"loc":{"start":{"line":220,"column":2},"end":{"line":238,"column":null}},"type":"if","locations":[{"start":{"line":220,"column":2},"end":{"line":238,"column":null}}]},"27":{"loc":{"start":{"line":224,"column":21},"end":{"line":224,"column":61}},"type":"binary-expr","locations":[{"start":{"line":224,"column":21},"end":{"line":224,"column":55}},{"start":{"line":224,"column":59},"end":{"line":224,"column":61}}]},"28":{"loc":{"start":{"line":224,"column":21},"end":{"line":224,"column":55}},"type":"cond-expr","locations":[{"start":{"line":224,"column":34},"end":{"line":224,"column":36}},{"start":{"line":224,"column":21},"end":{"line":224,"column":55}}]},"29":{"loc":{"start":{"line":224,"column":21},"end":{"line":224,"column":36}},"type":"binary-expr","locations":[{"start":{"line":224,"column":21},"end":{"line":224,"column":36}},{"start":{"line":224,"column":21},"end":{"line":224,"column":36}}]},"30":{"loc":{"start":{"line":228,"column":3},"end":{"line":232,"column":null}},"type":"if","locations":[{"start":{"line":228,"column":3},"end":{"line":232,"column":null}},{"start":{"line":230,"column":10},"end":{"line":232,"column":null}}]},"31":{"loc":{"start":{"line":229,"column":14},"end":{"line":229,"column":45}},"type":"cond-expr","locations":[{"start":{"line":229,"column":24},"end":{"line":229,"column":26}},{"start":{"line":229,"column":14},"end":{"line":229,"column":45}}]},"32":{"loc":{"start":{"line":229,"column":14},"end":{"line":229,"column":26}},"type":"binary-expr","locations":[{"start":{"line":229,"column":14},"end":{"line":229,"column":26}},{"start":{"line":229,"column":14},"end":{"line":229,"column":26}}]},"33":{"loc":{"start":{"line":255,"column":19},"end":{"line":255,"column":70}},"type":"cond-expr","locations":[{"start":{"line":255,"column":60},"end":{"line":255,"column":62}},{"start":{"line":255,"column":60},"end":{"line":255,"column":70}}]},"34":{"loc":{"start":{"line":255,"column":19},"end":{"line":255,"column":62}},"type":"binary-expr","locations":[{"start":{"line":255,"column":19},"end":{"line":255,"column":62}},{"start":{"line":255,"column":60},"end":{"line":255,"column":62}}]},"35":{"loc":{"start":{"line":256,"column":18},"end":{"line":256,"column":65}},"type":"cond-expr","locations":[{"start":{"line":256,"column":29},"end":{"line":256,"column":58}},{"start":{"line":256,"column":61},"end":{"line":256,"column":65}}]},"36":{"loc":{"start":{"line":257,"column":9},"end":{"line":257,"column":51}},"type":"cond-expr","locations":[{"start":{"line":257,"column":19},"end":{"line":257,"column":46}},{"start":{"line":257,"column":49},"end":{"line":257,"column":51}}]},"37":{"loc":{"start":{"line":268,"column":2},"end":{"line":271,"column":null}},"type":"if","locations":[{"start":{"line":268,"column":2},"end":{"line":271,"column":null}}]},"38":{"loc":{"start":{"line":279,"column":2},"end":{"line":283,"column":null}},"type":"if","locations":[{"start":{"line":279,"column":2},"end":{"line":283,"column":null}},{"start":{"line":281,"column":9},"end":{"line":283,"column":null}}]},"39":{"loc":{"start":{"line":292,"column":2},"end":{"line":302,"column":null}},"type":"if","locations":[{"start":{"line":292,"column":2},"end":{"line":302,"column":null}}]},"40":{"loc":{"start":{"line":293,"column":20},"end":{"line":293,"column":71}},"type":"cond-expr","locations":[{"start":{"line":293,"column":61},"end":{"line":293,"column":63}},{"start":{"line":293,"column":61},"end":{"line":293,"column":71}}]},"41":{"loc":{"start":{"line":293,"column":20},"end":{"line":293,"column":63}},"type":"binary-expr","locations":[{"start":{"line":293,"column":20},"end":{"line":293,"column":63}},{"start":{"line":293,"column":61},"end":{"line":293,"column":63}}]},"42":{"loc":{"start":{"line":294,"column":19},"end":{"line":294,"column":98}},"type":"cond-expr","locations":[{"start":{"line":294,"column":30},"end":{"line":294,"column":93}},{"start":{"line":294,"column":96},"end":{"line":294,"column":98}}]},"43":{"loc":{"start":{"line":295,"column":3},"end":{"line":297,"column":null}},"type":"if","locations":[{"start":{"line":295,"column":3},"end":{"line":297,"column":null}}]},"44":{"loc":{"start":{"line":305,"column":2},"end":{"line":320,"column":null}},"type":"if","locations":[{"start":{"line":305,"column":2},"end":{"line":320,"column":null}}]},"45":{"loc":{"start":{"line":312,"column":20},"end":{"line":312,"column":68}},"type":"binary-expr","locations":[{"start":{"line":312,"column":20},"end":{"line":312,"column":62}},{"start":{"line":312,"column":66},"end":{"line":312,"column":68}}]},"46":{"loc":{"start":{"line":312,"column":20},"end":{"line":312,"column":62}},"type":"cond-expr","locations":[{"start":{"line":312,"column":52},"end":{"line":312,"column":54}},{"start":{"line":312,"column":52},"end":{"line":312,"column":62}}]},"47":{"loc":{"start":{"line":312,"column":20},"end":{"line":312,"column":54}},"type":"binary-expr","locations":[{"start":{"line":312,"column":20},"end":{"line":312,"column":54}},{"start":{"line":312,"column":52},"end":{"line":312,"column":54}}]},"48":{"loc":{"start":{"line":314,"column":4},"end":{"line":316,"column":null}},"type":"if","locations":[{"start":{"line":314,"column":4},"end":{"line":316,"column":null}}]},"49":{"loc":{"start":{"line":323,"column":39},"end":{"line":323,"column":65}},"type":"default-arg","locations":[{"start":{"line":323,"column":63},"end":{"line":323,"column":65}}]},"50":{"loc":{"start":{"line":327,"column":2},"end":{"line":329,"column":null}},"type":"if","locations":[{"start":{"line":327,"column":2},"end":{"line":329,"column":null}}]},"51":{"loc":{"start":{"line":331,"column":25},"end":{"line":331,"column":102}},"type":"cond-expr","locations":[{"start":{"line":331,"column":61},"end":{"line":331,"column":79}},{"start":{"line":331,"column":82},"end":{"line":331,"column":102}}]},"52":{"loc":{"start":{"line":339,"column":47},"end":{"line":339,"column":105}},"type":"binary-expr","locations":[{"start":{"line":339,"column":47},"end":{"line":339,"column":78}},{"start":{"line":339,"column":82},"end":{"line":339,"column":105}}]},"53":{"loc":{"start":{"line":342,"column":3},"end":{"line":359,"column":null}},"type":"if","locations":[{"start":{"line":342,"column":3},"end":{"line":359,"column":null}}]},"54":{"loc":{"start":{"line":344,"column":4},"end":{"line":358,"column":null}},"type":"if","locations":[{"start":{"line":344,"column":4},"end":{"line":358,"column":null}},{"start":{"line":349,"column":11},"end":{"line":358,"column":null}}]},"55":{"loc":{"start":{"line":354,"column":5},"end":{"line":356,"column":null}},"type":"if","locations":[{"start":{"line":354,"column":5},"end":{"line":356,"column":null}}]},"56":{"loc":{"start":{"line":367,"column":2},"end":{"line":370,"column":null}},"type":"if","locations":[{"start":{"line":367,"column":2},"end":{"line":370,"column":null}}]},"57":{"loc":{"start":{"line":389,"column":2},"end":{"line":389,"column":null}},"type":"if","locations":[{"start":{"line":389,"column":2},"end":{"line":389,"column":null}}]},"58":{"loc":{"start":{"line":391,"column":19},"end":{"line":391,"column":53}},"type":"binary-expr","locations":[{"start":{"line":391,"column":19},"end":{"line":391,"column":47}},{"start":{"line":391,"column":51},"end":{"line":391,"column":53}}]},"59":{"loc":{"start":{"line":391,"column":19},"end":{"line":391,"column":47}},"type":"cond-expr","locations":[{"start":{"line":391,"column":37},"end":{"line":391,"column":39}},{"start":{"line":391,"column":19},"end":{"line":391,"column":47}}]},"60":{"loc":{"start":{"line":391,"column":19},"end":{"line":391,"column":39}},"type":"binary-expr","locations":[{"start":{"line":391,"column":19},"end":{"line":391,"column":39}},{"start":{"line":391,"column":19},"end":{"line":391,"column":39}}]},"61":{"loc":{"start":{"line":414,"column":3},"end":{"line":419,"column":null}},"type":"if","locations":[{"start":{"line":414,"column":3},"end":{"line":419,"column":null}},{"start":{"line":416,"column":10},"end":{"line":419,"column":null}}]},"62":{"loc":{"start":{"line":433,"column":2},"end":{"line":435,"column":null}},"type":"if","locations":[{"start":{"line":433,"column":2},"end":{"line":435,"column":null}}]},"63":{"loc":{"start":{"line":453,"column":2},"end":{"line":453,"column":null}},"type":"if","locations":[{"start":{"line":453,"column":2},"end":{"line":453,"column":null}}]},"64":{"loc":{"start":{"line":455,"column":19},"end":{"line":455,"column":53}},"type":"binary-expr","locations":[{"start":{"line":455,"column":19},"end":{"line":455,"column":47}},{"start":{"line":455,"column":51},"end":{"line":455,"column":53}}]},"65":{"loc":{"start":{"line":455,"column":19},"end":{"line":455,"column":47}},"type":"cond-expr","locations":[{"start":{"line":455,"column":37},"end":{"line":455,"column":39}},{"start":{"line":455,"column":19},"end":{"line":455,"column":47}}]},"66":{"loc":{"start":{"line":455,"column":19},"end":{"line":455,"column":39}},"type":"binary-expr","locations":[{"start":{"line":455,"column":19},"end":{"line":455,"column":39}},{"start":{"line":455,"column":19},"end":{"line":455,"column":39}}]},"67":{"loc":{"start":{"line":460,"column":3},"end":{"line":460,"column":150}},"type":"binary-expr","locations":[{"start":{"line":460,"column":3},"end":{"line":460,"column":63}},{"start":{"line":460,"column":68},"end":{"line":460,"column":149}}]},"68":{"loc":{"start":{"line":460,"column":68},"end":{"line":460,"column":149}},"type":"cond-expr","locations":[{"start":{"line":460,"column":82},"end":{"line":460,"column":143}},{"start":{"line":460,"column":145},"end":{"line":460,"column":149}}]},"69":{"loc":{"start":{"line":460,"column":110},"end":{"line":460,"column":142}},"type":"cond-expr","locations":[{"start":{"line":460,"column":121},"end":{"line":460,"column":123}},{"start":{"line":460,"column":110},"end":{"line":460,"column":142}}]},"70":{"loc":{"start":{"line":460,"column":110},"end":{"line":460,"column":123}},"type":"binary-expr","locations":[{"start":{"line":460,"column":110},"end":{"line":460,"column":123}},{"start":{"line":460,"column":110},"end":{"line":460,"column":123}}]},"71":{"loc":{"start":{"line":467,"column":19},"end":{"line":467,"column":52}},"type":"binary-expr","locations":[{"start":{"line":467,"column":19},"end":{"line":467,"column":46}},{"start":{"line":467,"column":50},"end":{"line":467,"column":52}}]},"72":{"loc":{"start":{"line":471,"column":3},"end":{"line":473,"column":null}},"type":"if","locations":[{"start":{"line":471,"column":3},"end":{"line":473,"column":null}}]},"73":{"loc":{"start":{"line":475,"column":3},"end":{"line":477,"column":null}},"type":"if","locations":[{"start":{"line":475,"column":3},"end":{"line":477,"column":null}}]},"74":{"loc":{"start":{"line":480,"column":9},"end":{"line":480,"column":30}},"type":"binary-expr","locations":[{"start":{"line":480,"column":9},"end":{"line":480,"column":22}},{"start":{"line":480,"column":26},"end":{"line":480,"column":30}}]},"75":{"loc":{"start":{"line":513,"column":3},"end":{"line":515,"column":null}},"type":"if","locations":[{"start":{"line":513,"column":3},"end":{"line":515,"column":null}}]}},"s":{"0":1,"1":1,"2":1,"3":294,"4":294,"5":294,"6":294,"7":294,"8":294,"9":294,"10":294,"11":294,"12":294,"13":0,"14":0,"15":0,"16":0,"17":0,"18":0,"19":0,"20":0,"21":1,"22":2,"23":2,"24":0,"25":0,"26":0,"27":0,"28":0,"29":0,"30":0,"31":0,"32":0,"33":0,"34":0,"35":0,"36":0,"37":0,"38":0,"39":0,"40":0,"41":0,"42":0,"43":0,"44":0,"45":0,"46":0,"47":0,"48":0,"49":0,"50":0,"51":0,"52":0,"53":0,"54":0,"55":0,"56":0,"57":0,"58":0,"59":0,"60":0,"61":0,"62":0,"63":0,"64":0,"65":0,"66":0,"67":0,"68":0,"69":0,"70":0,"71":0,"72":0,"73":0,"74":0,"75":0,"76":0,"77":0,"78":0,"79":0,"80":0,"81":0,"82":0,"83":0,"84":0,"85":0,"86":0,"87":0,"88":0,"89":0,"90":0,"91":0,"92":0,"93":0,"94":0,"95":0,"96":0,"97":0,"98":0,"99":0,"100":0,"101":0,"102":0,"103":0,"104":0,"105":0,"106":0,"107":0,"108":0,"109":0,"110":0,"111":0,"112":0,"113":0,"114":0,"115":0,"116":0,"117":0,"118":0,"119":0,"120":0,"121":0,"122":0,"123":0,"124":0,"125":0,"126":0,"127":0,"128":0,"129":0,"130":0,"131":0,"132":0,"133":0,"134":0,"135":0,"136":0,"137":0,"138":0,"139":0,"140":0,"141":0,"142":0,"143":0,"144":0,"145":0,"146":0,"147":0,"148":0,"149":0,"150":0,"151":0,"152":0,"153":0,"154":0,"155":0,"156":0,"157":0,"158":0,"159":0,"160":0,"161":0,"162":0,"163":0,"164":0,"165":0,"166":0,"167":0,"168":0,"169":0,"170":0,"171":0,"172":0,"173":0,"174":0,"175":0,"176":0,"177":0,"178":0,"179":0,"180":0,"181":0,"182":0,"183":0,"184":0,"185":0,"186":0,"187":0,"188":0,"189":0,"190":0,"191":0,"192":0,"193":0,"194":0,"195":0,"196":0,"197":0,"198":0,"199":0,"200":0,"201":0,"202":0,"203":0,"204":0,"205":0,"206":0,"207":0,"208":0,"209":0,"210":3,"211":3,"212":0,"213":3,"214":3,"215":3,"216":294,"217":294,"218":294,"219":294,"220":294,"221":0,"222":294,"223":0,"224":294,"225":294,"226":294,"227":3,"228":294,"229":294,"230":294,"231":294,"232":291,"233":3,"234":3,"235":294,"236":3,"237":3,"238":3,"239":3,"240":0,"241":3,"242":2,"243":3,"244":0,"245":0,"246":0,"247":0,"248":294,"249":0,"250":294,"251":294,"252":294,"253":135240,"254":294,"255":294,"256":294,"257":294,"258":14844,"259":291,"260":14553,"261":294,"262":294,"263":3,"264":3,"265":3,"266":0,"267":3,"268":294,"269":294,"270":0,"271":0,"272":294,"273":294,"274":5397,"275":207,"276":87,"277":1},"f":{"0":294,"1":0,"2":0,"3":2,"4":2,"5":0,"6":0,"7":0,"8":0,"9":0,"10":0,"11":0,"12":0,"13":0,"14":0,"15":0,"16":0,"17":0,"18":0,"19":0,"20":0,"21":0,"22":0,"23":0,"24":0,"25":0,"26":0,"27":0,"28":0,"29":0,"30":0,"31":0,"32":0,"33":0,"34":0,"35":0,"36":0,"37":0,"38":0,"39":0,"40":0,"41":0,"42":3,"43":294,"44":0,"45":0,"46":294,"47":3,"48":3,"49":0,"50":0,"51":0,"52":294,"53":135240,"54":294,"55":14844,"56":3,"57":3,"58":0,"59":294,"60":0,"61":0,"62":294},"b":{"0":[0,0],"1":[0,0],"2":[0,0],"3":[0,0],"4":[0],"5":[0],"6":[0],"7":[0,0],"8":[0],"9":[0,0],"10":[0],"11":[0,0],"12":[0],"13":[0],"14":[0,0],"15":[0,0],"16":[0,0],"17":[0],"18":[0,0],"19":[0],"20":[0,0],"21":[0,0],"22":[0,0],"23":[0,0],"24":[0,0],"25":[0,0],"26":[0],"27":[0,0],"28":[0,0],"29":[0,0],"30":[0,0],"31":[0,0],"32":[0,0],"33":[0,0],"34":[0,0],"35":[0,0],"36":[0,0],"37":[0],"38":[0,0],"39":[0],"40":[0,0],"41":[0,0],"42":[0,0],"43":[0],"44":[0],"45":[0,0],"46":[0,0],"47":[0,0],"48":[0],"49":[0],"50":[0],"51":[0,0],"52":[0,0],"53":[0],"54":[0,0],"55":[0],"56":[0],"57":[0],"58":[3,0],"59":[0,3],"60":[3,3],"61":[291,3],"62":[2],"63":[0],"64":[294,0],"65":[0,294],"66":[294,294],"67":[135240,74727],"68":[74727,0],"69":[0,74727],"70":[74727,74727],"71":[294,0],"72":[291],"73":[294],"74":[294,3],"75":[207]}}
}
