TN:
SF:src/Helpers/FileHelpers.ts
FN:14,(anonymous_0)
FN:40,(anonymous_1)
FN:44,(anonymous_2)
FN:62,(anonymous_3)
FN:66,(anonymous_4)
FN:69,(anonymous_5)
FN:74,(anonymous_6)
FN:77,(anonymous_7)
FN:82,(anonymous_8)
FN:87,(anonymous_9)
FN:95,(anonymous_10)
FN:97,(anonymous_11)
FN:108,(anonymous_12)
FN:117,(anonymous_13)
FN:119,(anonymous_15)
FN:121,(anonymous_16)
FN:123,(anonymous_17)
FN:128,(anonymous_18)
FN:128,(anonymous_19)
FN:139,(anonymous_20)
FN:139,(anonymous_21)
FN:150,(anonymous_22)
FN:176,(anonymous_23)
FN:180,(anonymous_24)
FN:188,(anonymous_25)
FN:193,(anonymous_26)
FN:204,(anonymous_27)
FN:208,(anonymous_28)
FN:218,(anonymous_30)
FN:220,(anonymous_31)
FN:222,(anonymous_32)
FN:242,(anonymous_33)
FN:249,(anonymous_35)
FN:254,(anonymous_37)
FN:260,(anonymous_38)
FN:286,(anonymous_40)
FN:294,(anonymous_42)
FN:313,(anonymous_43)
FN:323,(anonymous_44)
FN:339,(anonymous_46)
FN:366,(anonymous_47)
FN:381,(anonymous_49)
FN:387,(anonymous_50)
FN:394,(anonymous_51)
FN:399,(anonymous_52)
FN:400,(anonymous_53)
FN:407,(anonymous_54)
FN:426,(anonymous_55)
FN:428,(anonymous_56)
FN:430,(anonymous_57)
FN:439,(anonymous_58)
FN:446,(anonymous_59)
FN:452,(anonymous_60)
FN:459,(anonymous_61)
FN:466,(anonymous_62)
FN:470,(anonymous_63)
FN:483,(anonymous_64)
FN:486,(anonymous_65)
FN:488,(anonymous_66)
FN:494,(anonymous_67)
FN:500,(anonymous_68)
FN:505,(anonymous_69)
FN:510,(anonymous_70)
FNF:63
FNH:16
FNDA:294,(anonymous_0)
FNDA:0,(anonymous_1)
FNDA:0,(anonymous_2)
FNDA:2,(anonymous_3)
FNDA:2,(anonymous_4)
FNDA:0,(anonymous_5)
FNDA:0,(anonymous_6)
FNDA:0,(anonymous_7)
FNDA:0,(anonymous_8)
FNDA:0,(anonymous_9)
FNDA:0,(anonymous_10)
FNDA:0,(anonymous_11)
FNDA:0,(anonymous_12)
FNDA:0,(anonymous_13)
FNDA:0,(anonymous_15)
FNDA:0,(anonymous_16)
FNDA:0,(anonymous_17)
FNDA:0,(anonymous_18)
FNDA:0,(anonymous_19)
FNDA:0,(anonymous_20)
FNDA:0,(anonymous_21)
FNDA:0,(anonymous_22)
FNDA:0,(anonymous_23)
FNDA:0,(anonymous_24)
FNDA:0,(anonymous_25)
FNDA:0,(anonymous_26)
FNDA:0,(anonymous_27)
FNDA:0,(anonymous_28)
FNDA:0,(anonymous_30)
FNDA:0,(anonymous_31)
FNDA:0,(anonymous_32)
FNDA:0,(anonymous_33)
FNDA:0,(anonymous_35)
FNDA:0,(anonymous_37)
FNDA:0,(anonymous_38)
FNDA:0,(anonymous_40)
FNDA:0,(anonymous_42)
FNDA:0,(anonymous_43)
FNDA:0,(anonymous_44)
FNDA:0,(anonymous_46)
FNDA:0,(anonymous_47)
FNDA:0,(anonymous_49)
FNDA:3,(anonymous_50)
FNDA:294,(anonymous_51)
FNDA:0,(anonymous_52)
FNDA:0,(anonymous_53)
FNDA:294,(anonymous_54)
FNDA:3,(anonymous_55)
FNDA:3,(anonymous_56)
FNDA:0,(anonymous_57)
FNDA:0,(anonymous_58)
FNDA:0,(anonymous_59)
FNDA:294,(anonymous_60)
FNDA:135240,(anonymous_61)
FNDA:294,(anonymous_62)
FNDA:14844,(anonymous_63)
FNDA:3,(anonymous_64)
FNDA:3,(anonymous_65)
FNDA:0,(anonymous_66)
FNDA:294,(anonymous_67)
FNDA:0,(anonymous_68)
FNDA:0,(anonymous_69)
FNDA:294,(anonymous_70)
DA:1,1
DA:3,1
DA:4,1
DA:13,1
DA:15,294
DA:16,294
DA:17,294
DA:18,294
DA:19,294
DA:20,294
DA:21,294
DA:22,294
DA:23,294
DA:24,294
DA:41,0
DA:46,0
DA:47,0
DA:49,0
DA:50,0
DA:51,0
DA:52,0
DA:55,0
DA:59,1
DA:63,2
DA:67,2
DA:70,0
DA:71,0
DA:75,0
DA:78,0
DA:79,0
DA:80,0
DA:83,0
DA:84,0
DA:88,0
DA:89,0
DA:90,0
DA:92,0
DA:96,0
DA:97,0
DA:98,0
DA:99,0
DA:100,0
DA:102,0
DA:105,0
DA:109,0
DA:110,0
DA:111,0
DA:112,0
DA:114,0
DA:118,0
DA:119,0
DA:120,0
DA:121,0
DA:122,0
DA:123,0
DA:124,0
DA:128,0
DA:129,0
DA:130,0
DA:131,0
DA:132,0
DA:133,0
DA:136,0
DA:139,0
DA:140,0
DA:141,0
DA:142,0
DA:143,0
DA:146,0
DA:152,0
DA:154,0
DA:155,0
DA:156,0
DA:160,0
DA:161,0
DA:164,0
DA:165,0
DA:166,0
DA:168,0
DA:169,0
DA:170,0
DA:171,0
DA:173,0
DA:177,0
DA:181,0
DA:182,0
DA:184,0
DA:185,0
DA:188,0
DA:189,0
DA:190,0
DA:194,0
DA:196,0
DA:197,0
DA:199,0
DA:200,0
DA:201,0
DA:204,0
DA:205,0
DA:210,0
DA:212,0
DA:213,0
DA:214,0
DA:215,0
DA:217,0
DA:218,0
DA:220,0
DA:222,0
DA:223,0
DA:224,0
DA:226,0
DA:227,0
DA:228,0
DA:229,0
DA:231,0
DA:234,0
DA:235,0
DA:237,0
DA:239,0
DA:243,0
DA:244,0
DA:246,0
DA:250,0
DA:251,0
DA:252,0
DA:255,0
DA:256,0
DA:257,0
DA:261,0
DA:263,0
DA:265,0
DA:266,0
DA:268,0
DA:269,0
DA:270,0
DA:273,0
DA:274,0
DA:277,0
DA:278,0
DA:279,0
DA:280,0
DA:282,0
DA:287,0
DA:289,0
DA:290,0
DA:292,0
DA:293,0
DA:294,0
DA:295,0
DA:296,0
DA:299,0
DA:300,0
DA:303,0
DA:305,0
DA:306,0
DA:307,0
DA:309,0
DA:311,0
DA:312,0
DA:313,0
DA:314,0
DA:315,0
DA:319,0
DA:324,0
DA:325,0
DA:326,0
DA:327,0
DA:328,0
DA:331,0
DA:332,0
DA:333,0
DA:334,0
DA:335,0
DA:336,0
DA:337,0
DA:339,0
DA:340,0
DA:342,0
DA:343,0
DA:344,0
DA:346,0
DA:347,0
DA:348,0
DA:352,0
DA:353,0
DA:354,0
DA:355,0
DA:357,0
DA:361,0
DA:362,0
DA:363,0
DA:367,0
DA:368,0
DA:369,0
DA:372,0
DA:373,0
DA:376,0
DA:377,0
DA:378,0
DA:384,0
DA:388,3
DA:389,3
DA:391,3
DA:392,3
DA:394,3
DA:395,294
DA:396,294
DA:397,294
DA:398,294
DA:399,294
DA:400,294
DA:401,294
DA:403,294
DA:404,294
DA:407,3
DA:408,294
DA:409,294
DA:410,294
DA:414,294
DA:415,291
DA:417,3
DA:418,3
DA:420,294
DA:423,3
DA:427,3
DA:428,3
DA:429,3
DA:431,0
DA:433,3
DA:434,2
DA:436,3
DA:441,0
DA:443,0
DA:447,0
DA:448,0
DA:453,294
DA:455,294
DA:457,294
DA:459,294
DA:460,135240
DA:462,294
DA:467,294
DA:469,294
DA:470,294
DA:471,14844
DA:472,291
DA:475,14553
DA:476,294
DA:480,294
DA:484,3
DA:486,3
DA:487,3
DA:489,0
DA:492,3
DA:496,294
DA:497,294
DA:502,0
DA:507,0
DA:512,294
DA:513,5397
DA:514,207
DA:517,87
LF:262
LH:71
BRDA:80,0,0,0
BRDA:80,0,1,0
BRDA:80,1,0,0
BRDA:80,1,1,0
BRDA:84,2,0,0
BRDA:84,2,1,0
BRDA:84,3,0,0
BRDA:84,3,1,0
BRDA:89,4,0,0
BRDA:99,5,0,0
BRDA:111,6,0,0
BRDA:124,7,0,0
BRDA:124,7,1,0
BRDA:132,8,0,0
BRDA:143,9,0,0
BRDA:143,9,1,0
BRDA:155,10,0,0
BRDA:160,11,0,0
BRDA:160,11,1,0
BRDA:165,12,0,0
BRDA:170,13,0,0
BRDA:177,14,0,0
BRDA:177,14,1,0
BRDA:177,15,0,0
BRDA:177,15,1,0
BRDA:177,16,0,0
BRDA:177,16,1,0
BRDA:184,17,0,0
BRDA:184,18,0,0
BRDA:184,18,1,0
BRDA:200,19,0,0
BRDA:213,20,0,0
BRDA:213,20,1,0
BRDA:213,21,0,0
BRDA:213,21,1,0
BRDA:213,22,0,0
BRDA:213,22,1,0
BRDA:218,23,0,0
BRDA:218,23,1,0
BRDA:218,24,0,0
BRDA:218,24,1,0
BRDA:218,25,0,0
BRDA:218,25,1,0
BRDA:220,26,0,0
BRDA:224,27,0,0
BRDA:224,27,1,0
BRDA:224,28,0,0
BRDA:224,28,1,0
BRDA:224,29,0,0
BRDA:224,29,1,0
BRDA:228,30,0,0
BRDA:228,30,1,0
BRDA:229,31,0,0
BRDA:229,31,1,0
BRDA:229,32,0,0
BRDA:229,32,1,0
BRDA:255,33,0,0
BRDA:255,33,1,0
BRDA:255,34,0,0
BRDA:255,34,1,0
BRDA:256,35,0,0
BRDA:256,35,1,0
BRDA:257,36,0,0
BRDA:257,36,1,0
BRDA:268,37,0,0
BRDA:279,38,0,0
BRDA:279,38,1,0
BRDA:292,39,0,0
BRDA:293,40,0,0
BRDA:293,40,1,0
BRDA:293,41,0,0
BRDA:293,41,1,0
BRDA:294,42,0,0
BRDA:294,42,1,0
BRDA:295,43,0,0
BRDA:305,44,0,0
BRDA:312,45,0,0
BRDA:312,45,1,0
BRDA:312,46,0,0
BRDA:312,46,1,0
BRDA:312,47,0,0
BRDA:312,47,1,0
BRDA:314,48,0,0
BRDA:323,49,0,0
BRDA:327,50,0,0
BRDA:331,51,0,0
BRDA:331,51,1,0
BRDA:339,52,0,0
BRDA:339,52,1,0
BRDA:342,53,0,0
BRDA:344,54,0,0
BRDA:344,54,1,0
BRDA:354,55,0,0
BRDA:367,56,0,0
BRDA:389,57,0,0
BRDA:391,58,0,3
BRDA:391,58,1,0
BRDA:391,59,0,0
BRDA:391,59,1,3
BRDA:391,60,0,3
BRDA:391,60,1,3
BRDA:414,61,0,291
BRDA:414,61,1,3
BRDA:433,62,0,2
BRDA:453,63,0,0
BRDA:455,64,0,294
BRDA:455,64,1,0
BRDA:455,65,0,0
BRDA:455,65,1,294
BRDA:455,66,0,294
BRDA:455,66,1,294
BRDA:460,67,0,135240
BRDA:460,67,1,74727
BRDA:460,68,0,74727
BRDA:460,68,1,0
BRDA:460,69,0,0
BRDA:460,69,1,74727
BRDA:460,70,0,74727
BRDA:460,70,1,74727
BRDA:467,71,0,294
BRDA:467,71,1,0
BRDA:471,72,0,291
BRDA:475,73,0,294
BRDA:480,74,0,294
BRDA:480,74,1,3
BRDA:513,75,0,207
BRF:126
BRH:23
end_of_record
